<?xml version="1.0" encoding="UTF-8"?>
<testng-results ignored="0" total="5" passed="5" failed="0" skipped="0">
  <reporter-output>
  </reporter-output>
  <suite started-at="2023-07-27T15:15:14 IST" name="Default suite" finished-at="2023-07-27T15:15:30 IST" duration-ms="16202">
    <groups>
    </groups>
    <test started-at="2023-07-27T15:15:14 IST" name="Default test" finished-at="2023-07-27T15:15:30 IST" duration-ms="16202">
      <class name="testNGAnnotation_Flags.ActiTimeDataProvider">
        <test-method signature="invalidLoginMethod(java.lang.String,java.lang.String)[pri:0, instance:testNGAnnotation_Flags.ActiTimeDataProvider@4a83a74a]" started-at="2023-07-27T15:15:14 IST" name="invalidLoginMethod" data-provider="actiTimeData" finished-at="2023-07-27T15:15:18 IST" duration-ms="4011" status="PASS">
          <params>
            <param index="0">
              <value>
                <![CDATA[ad_main]]>
              </value>
            </param>
            <param index="1">
              <value>
                <![CDATA[mana_ger]]>
              </value>
            </param>
          </params>
          <reporter-output>
          </reporter-output>
        </test-method> <!-- invalidLoginMethod -->
        <test-method signature="invalidLoginMethod(java.lang.String,java.lang.String)[pri:0, instance:testNGAnnotation_Flags.ActiTimeDataProvider@4a83a74a]" started-at="2023-07-27T15:15:18 IST" name="invalidLoginMethod" data-provider="actiTimeData" finished-at="2023-07-27T15:15:21 IST" duration-ms="2589" status="PASS">
          <params>
            <param index="0">
              <value>
                <![CDATA[manager]]>
              </value>
            </param>
            <param index="1">
              <value>
                <![CDATA[admin]]>
              </value>
            </param>
          </params>
          <reporter-output>
          </reporter-output>
        </test-method> <!-- invalidLoginMethod -->
        <test-method signature="invalidLoginMethod(java.lang.String,java.lang.String)[pri:0, instance:testNGAnnotation_Flags.ActiTimeDataProvider@4a83a74a]" started-at="2023-07-27T15:15:21 IST" name="invalidLoginMethod" data-provider="actiTimeData" finished-at="2023-07-27T15:15:24 IST" duration-ms="3281" status="PASS">
          <params>
            <param index="0">
              <value>
                <![CDATA[@admin]]>
              </value>
            </param>
            <param index="1">
              <value>
                <![CDATA[@manager]]>
              </value>
            </param>
          </params>
          <reporter-output>
          </reporter-output>
        </test-method> <!-- invalidLoginMethod -->
        <test-method signature="invalidLoginMethod(java.lang.String,java.lang.String)[pri:0, instance:testNGAnnotation_Flags.ActiTimeDataProvider@4a83a74a]" started-at="2023-07-27T15:15:24 IST" name="invalidLoginMethod" data-provider="actiTimeData" finished-at="2023-07-27T15:15:27 IST" duration-ms="3074" status="PASS">
          <params>
            <param index="0">
              <value>
                <![CDATA[admin123]]>
              </value>
            </param>
            <param index="1">
              <value>
                <![CDATA[manager123]]>
              </value>
            </param>
          </params>
          <reporter-output>
          </reporter-output>
        </test-method> <!-- invalidLoginMethod -->
        <test-method signature="invalidLoginMethod(java.lang.String,java.lang.String)[pri:0, instance:testNGAnnotation_Flags.ActiTimeDataProvider@4a83a74a]" started-at="2023-07-27T15:15:27 IST" name="invalidLoginMethod" data-provider="actiTimeData" finished-at="2023-07-27T15:15:30 IST" duration-ms="3182" status="PASS">
          <params>
            <param index="0">
              <value>
                <![CDATA[123admin]]>
              </value>
            </param>
            <param index="1">
              <value>
                <![CDATA[123manager]]>
              </value>
            </param>
          </params>
          <reporter-output>
          </reporter-output>
        </test-method> <!-- invalidLoginMethod -->
      </class> <!-- testNGAnnotation_Flags.ActiTimeDataProvider -->
    </test> <!-- Default test -->
  </suite> <!-- Default suite -->
</testng-results>
