<?xml version="1.0" encoding="UTF-8"?>
<testng-results ignored="0" total="5" passed="5" failed="0" skipped="0">
  <reporter-output>
  </reporter-output>
  <suite started-at="2023-07-26T15:11:56 IST" name="Default suite" finished-at="2023-07-26T15:12:13 IST" duration-ms="16710">
    <groups>
    </groups>
    <test started-at="2023-07-26T15:11:56 IST" name="Default test" finished-at="2023-07-26T15:12:13 IST" duration-ms="16710">
      <class name="testNGAnnotation_Flags.ActiTimeDataProvider">
        <test-method signature="invalidLoginMethod(java.lang.String,java.lang.String)[pri:0, instance:testNGAnnotation_Flags.ActiTimeDataProvider@4a83a74a]" started-at="2023-07-26T15:11:56 IST" name="invalidLoginMethod" data-provider="actiTimeData" finished-at="2023-07-26T15:12:00 IST" duration-ms="3765" status="PASS">
          <params>
            <param index="0">
              <value>
                <![CDATA[ad_main]]>
              </value>
            </param>
            <param index="1">
              <value>
                <![CDATA[mana_ger]]>
              </value>
            </param>
          </params>
          <reporter-output>
          </reporter-output>
        </test-method> <!-- invalidLoginMethod -->
        <test-method signature="invalidLoginMethod(java.lang.String,java.lang.String)[pri:0, instance:testNGAnnotation_Flags.ActiTimeDataProvider@4a83a74a]" started-at="2023-07-26T15:12:00 IST" name="invalidLoginMethod" data-provider="actiTimeData" finished-at="2023-07-26T15:12:03 IST" duration-ms="3031" status="PASS">
          <params>
            <param index="0">
              <value>
                <![CDATA[manager]]>
              </value>
            </param>
            <param index="1">
              <value>
                <![CDATA[admin]]>
              </value>
            </param>
          </params>
          <reporter-output>
          </reporter-output>
        </test-method> <!-- invalidLoginMethod -->
        <test-method signature="invalidLoginMethod(java.lang.String,java.lang.String)[pri:0, instance:testNGAnnotation_Flags.ActiTimeDataProvider@4a83a74a]" started-at="2023-07-26T15:12:03 IST" name="invalidLoginMethod" data-provider="actiTimeData" finished-at="2023-07-26T15:12:06 IST" duration-ms="3252" status="PASS">
          <params>
            <param index="0">
              <value>
                <![CDATA[@admin]]>
              </value>
            </param>
            <param index="1">
              <value>
                <![CDATA[@manager]]>
              </value>
            </param>
          </params>
          <reporter-output>
          </reporter-output>
        </test-method> <!-- invalidLoginMethod -->
        <test-method signature="invalidLoginMethod(java.lang.String,java.lang.String)[pri:0, instance:testNGAnnotation_Flags.ActiTimeDataProvider@4a83a74a]" started-at="2023-07-26T15:12:06 IST" name="invalidLoginMethod" data-provider="actiTimeData" finished-at="2023-07-26T15:12:10 IST" duration-ms="3295" status="PASS">
          <params>
            <param index="0">
              <value>
                <![CDATA[admin123]]>
              </value>
            </param>
            <param index="1">
              <value>
                <![CDATA[manager123]]>
              </value>
            </param>
          </params>
          <reporter-output>
          </reporter-output>
        </test-method> <!-- invalidLoginMethod -->
        <test-method signature="invalidLoginMethod(java.lang.String,java.lang.String)[pri:0, instance:testNGAnnotation_Flags.ActiTimeDataProvider@4a83a74a]" started-at="2023-07-26T15:12:10 IST" name="invalidLoginMethod" data-provider="actiTimeData" finished-at="2023-07-26T15:12:13 IST" duration-ms="3294" status="PASS">
          <params>
            <param index="0">
              <value>
                <![CDATA[123admin]]>
              </value>
            </param>
            <param index="1">
              <value>
                <![CDATA[123manager]]>
              </value>
            </param>
          </params>
          <reporter-output>
          </reporter-output>
        </test-method> <!-- invalidLoginMethod -->
      </class> <!-- testNGAnnotation_Flags.ActiTimeDataProvider -->
    </test> <!-- Default test -->
  </suite> <!-- Default suite -->
</testng-results>
