<?xml version="1.0" encoding="UTF-8"?>
<!-- Generated by org.testng.reporters.JUnitXMLReporter -->
<testsuite ignored="0" hostname="LAPTOP-JU43MAR4" failures="0" tests="5" name="Default test" time="16.71" errors="0" timestamp="2023-07-26T15:12:13 IST">
  <testcase classname="testNGAnnotation_Flags.ActiTimeDataProvider" name="invalidLoginMethod" time="3.765"/>
  <testcase classname="testNGAnnotation_Flags.ActiTimeDataProvider" name="invalidLoginMethod" time="3.031"/>
  <testcase classname="testNGAnnotation_Flags.ActiTimeDataProvider" name="invalidLoginMethod" time="3.252"/>
  <testcase classname="testNGAnnotation_Flags.ActiTimeDataProvider" name="invalidLoginMethod" time="3.295"/>
  <testcase classname="testNGAnnotation_Flags.ActiTimeDataProvider" name="invalidLoginMethod" time="3.294"/>
</testsuite> <!-- Default test -->
